<?xml version="1.0" encoding="UTF-8"?>
<testng-results skipped="0" failed="0" ignored="0" total="1" passed="1">
  <reporter-output>
  </reporter-output>
  <suite name="Suite" duration-ms="36986" started-at="2021-01-15T19:10:11 IST" finished-at="2021-01-15T19:10:48 IST">
    <groups>
    </groups>
    <test name="Test" duration-ms="36986" started-at="2021-01-15T19:10:11 IST" finished-at="2021-01-15T19:10:48 IST">
      <class name="com.atmecs.autoprac.testscripts.AutoPracticeTestScript">
        <test-method status="PASS" signature="declaration()[pri:0, instance:com.atmecs.autoprac.testscripts.AutoPracticeTestScript@ff5b51f]" name="declaration" is-config="true" duration-ms="13166" started-at="2021-01-15T19:10:11 IST" finished-at="2021-01-15T19:10:24 IST">
          <reporter-output>
          </reporter-output>
        </test-method> <!-- declaration -->
        <test-method status="PASS" signature="AutoPractice()[pri:0, instance:com.atmecs.autoprac.testscripts.AutoPracticeTestScript@ff5b51f]" name="AutoPractice" duration-ms="22323" started-at="2021-01-15T19:10:24 IST" finished-at="2021-01-15T19:10:47 IST">
          <reporter-output>
          </reporter-output>
        </test-method> <!-- AutoPractice -->
        <test-method status="PASS" signature="closeBrowser()[pri:0, instance:com.atmecs.autoprac.testscripts.AutoPracticeTestScript@ff5b51f]" name="closeBrowser" is-config="true" duration-ms="1438" started-at="2021-01-15T19:10:47 IST" finished-at="2021-01-15T19:10:48 IST">
          <reporter-output>
          </reporter-output>
        </test-method> <!-- closeBrowser -->
      </class> <!-- com.atmecs.autoprac.testscripts.AutoPracticeTestScript -->
    </test> <!-- Test -->
  </suite> <!-- Suite -->
</testng-results>
