<?xml version="1.0" encoding="UTF-8"?>
<testng-results skipped="0" failed="0" ignored="0" total="1" passed="1">
  <reporter-output>
  </reporter-output>
  <suite name="Default suite" duration-ms="43888" started-at="2021-01-15T19:08:56 IST" finished-at="2021-01-15T19:09:40 IST">
    <groups>
    </groups>
    <test name="Default test" duration-ms="43888" started-at="2021-01-15T19:08:56 IST" finished-at="2021-01-15T19:09:40 IST">
      <class name="com.atmecs.autoprac.testscripts.AutoPracticeTestScript">
        <test-method status="PASS" signature="declaration()[pri:0, instance:com.atmecs.autoprac.testscripts.AutoPracticeTestScript@1e6d1014]" name="declaration" is-config="true" duration-ms="18709" started-at="2021-01-15T19:08:56 IST" finished-at="2021-01-15T19:09:15 IST">
          <reporter-output>
          </reporter-output>
        </test-method> <!-- declaration -->
        <test-method status="PASS" signature="AutoPractice()[pri:0, instance:com.atmecs.autoprac.testscripts.AutoPracticeTestScript@1e6d1014]" name="AutoPractice" duration-ms="23652" started-at="2021-01-15T19:09:15 IST" finished-at="2021-01-15T19:09:38 IST">
          <reporter-output>
          </reporter-output>
        </test-method> <!-- AutoPractice -->
        <test-method status="PASS" signature="closeBrowser()[pri:0, instance:com.atmecs.autoprac.testscripts.AutoPracticeTestScript@1e6d1014]" name="closeBrowser" is-config="true" duration-ms="1453" started-at="2021-01-15T19:09:38 IST" finished-at="2021-01-15T19:09:40 IST">
          <reporter-output>
          </reporter-output>
        </test-method> <!-- closeBrowser -->
      </class> <!-- com.atmecs.autoprac.testscripts.AutoPracticeTestScript -->
    </test> <!-- Default test -->
  </suite> <!-- Default suite -->
</testng-results>
